SF:lib/state/auth_state.dart
DA:15,2
DA:16,2
DA:17,2
DA:18,2
DA:22,1
DA:23,1
DA:24,1
DA:27,1
DA:28,0
DA:29,0
DA:32,2
DA:33,1
DA:36,1
DA:37,1
DA:42,0
DA:47,0
DA:48,0
DA:49,0
DA:52,0
DA:57,0
DA:58,0
DA:59,0
DA:62,0
DA:63,0
DA:64,0
DA:65,0
DA:72,1
DA:76,1
DA:77,1
DA:78,1
DA:81,2
DA:85,0
DA:86,0
DA:87,0
DA:90,3
DA:91,1
DA:92,1
DA:93,1
DA:100,1
DA:101,2
DA:102,0
DA:103,0
DA:104,0
DA:105,0
DA:110,1
DA:111,1
DA:112,1
LF:47
LH:26
end_of_record
SF:lib/main.dart
DA:8,0
DA:9,0
DA:13,0
DA:15,0
DA:18,0
DA:22,1
DA:24,0
DA:26,0
DA:27,0
DA:28,0
DA:29,0
DA:30,0
DA:32,0
DA:33,0
LF:14
LH:1
end_of_record
SF:lib/models/booking.dart
DA:15,2
DA:24,2
DA:25,2
LF:3
LH:3
end_of_record
SF:lib/models/booking.g.dart
DA:9,2
DA:10,1
DA:11,1
DA:12,1
DA:13,1
DA:14,1
DA:15,1
DA:18,2
DA:19,1
DA:20,1
DA:21,1
DA:22,1
DA:23,1
DA:24,1
LF:14
LH:14
end_of_record
SF:lib/models/chat_message.dart
DA:13,2
DA:20,1
DA:21,1
DA:22,2
LF:4
LH:4
end_of_record
SF:lib/models/chat_message.g.dart
DA:9,2
DA:10,1
DA:11,1
DA:12,1
DA:13,1
DA:16,1
DA:17,1
DA:18,1
DA:19,1
DA:20,1
DA:21,1
LF:11
LH:11
end_of_record
SF:lib/models/loyalty.dart
DA:12,2
DA:18,1
DA:19,1
DA:20,2
DA:30,2
DA:36,2
DA:37,2
LF:7
LH:7
end_of_record
SF:lib/models/loyalty.g.dart
DA:9,1
DA:10,1
DA:11,1
DA:12,2
DA:13,1
DA:16,1
DA:18,1
DA:19,1
DA:20,1
DA:21,1
DA:24,2
DA:25,1
DA:26,2
DA:28,1
DA:29,3
DA:30,1
DA:33,2
DA:34,1
DA:35,1
DA:36,1
LF:20
LH:20
end_of_record
SF:lib/models/notification_item.dart
DA:13,2
DA:20,1
DA:21,1
DA:22,2
LF:4
LH:4
end_of_record
SF:lib/models/notification_item.g.dart
DA:9,1
DA:10,1
DA:11,1
DA:12,1
DA:13,1
DA:14,1
DA:17,1
DA:18,1
DA:19,1
DA:20,1
DA:21,1
DA:22,1
LF:12
LH:12
end_of_record
SF:lib/models/payment.dart
DA:14,2
DA:22,2
DA:23,2
LF:3
LH:3
end_of_record
SF:lib/models/payment.g.dart
DA:9,2
DA:10,1
DA:11,1
DA:12,2
DA:13,1
DA:14,1
DA:17,2
DA:18,1
DA:19,1
DA:20,1
DA:21,1
DA:22,1
LF:12
LH:12
end_of_record
SF:lib/models/referral.dart
DA:12,2
DA:18,2
DA:19,2
LF:3
LH:3
end_of_record
SF:lib/models/referral.g.dart
DA:9,2
DA:10,1
DA:11,1
DA:12,2
DA:15,2
DA:16,1
DA:17,1
DA:18,1
LF:8
LH:8
end_of_record
SF:lib/models/room.dart
DA:13,2
DA:20,2
DA:21,2
LF:3
LH:3
end_of_record
SF:lib/models/room.g.dart
DA:9,2
DA:10,1
DA:11,1
DA:12,2
DA:13,1
DA:16,2
DA:17,1
DA:18,1
DA:19,1
DA:20,1
LF:10
LH:10
end_of_record
SF:lib/models/user.dart
DA:13,2
DA:20,2
DA:21,2
LF:3
LH:3
end_of_record
SF:lib/models/user.g.dart
DA:9,2
DA:10,1
DA:11,1
DA:12,1
DA:13,2
DA:16,2
DA:17,1
DA:18,1
DA:19,1
DA:20,1
LF:10
LH:10
end_of_record
SF:lib/services/auth_service.dart
DA:12,0
DA:18,0
DA:24,0
DA:25,0
DA:28,0
DA:29,0
DA:30,0
DA:36,1
DA:41,3
DA:46,0
DA:47,0
DA:48,0
DA:49,0
DA:52,0
DA:53,0
DA:54,0
DA:59,0
DA:60,1
DA:61,2
DA:67,1
DA:68,1
DA:69,0
DA:72,1
DA:73,2
DA:74,2
DA:75,1
DA:76,0
DA:79,1
LF:28
LH:11
end_of_record
SF:lib/screens/home/home_screen.dart
DA:8,2
DA:10,1
DA:12,1
DA:13,1
DA:15,1
DA:16,1
DA:18,1
DA:19,1
DA:21,0
DA:22,0
DA:25,1
DA:27,0
DA:28,0
DA:33,1
DA:35,1
DA:37,1
DA:38,0
DA:39,0
DA:40,0
DA:41,0
DA:44,0
DA:45,0
DA:46,0
DA:47,0
DA:52,1
DA:54,3
DA:56,1
DA:57,1
DA:63,1
DA:64,1
DA:70,0
DA:72,1
DA:78,0
DA:80,1
DA:86,0
DA:88,1
DA:94,0
DA:96,1
DA:102,0
DA:104,1
DA:110,0
DA:120,1
DA:128,1
DA:130,1
DA:132,1
DA:133,1
DA:135,1
DA:137,1
DA:138,1
DA:140,1
DA:142,4
DA:148,1
DA:150,3
LF:53
LH:35
end_of_record
SF:lib/screens/auth/login_screen.dart
DA:8,2
DA:10,1
DA:11,1
DA:20,1
DA:22,2
DA:23,2
DA:24,1
DA:27,1
DA:28,3
DA:30,2
DA:31,1
DA:32,3
DA:33,2
DA:36,1
DA:39,0
DA:41,3
DA:42,1
DA:43,2
DA:50,1
DA:52,1
DA:53,1
DA:54,1
DA:56,1
DA:57,1
DA:58,1
DA:60,1
DA:62,1
DA:64,4
DA:66,3
DA:71,1
DA:73,3
DA:77,1
DA:79,3
DA:82,1
DA:83,1
DA:89,1
DA:90,1
DA:93,1
DA:100,1
DA:101,1
DA:102,1
DA:103,1
DA:106,1
DA:107,1
DA:108,1
DA:110,1
DA:111,2
DA:112,2
DA:117,1
DA:118,1
DA:125,1
DA:126,1
DA:127,1
DA:128,2
DA:129,1
DA:140,1
DA:141,0
DA:142,0
LF:58
LH:55
end_of_record
SF:lib/screens/auth/register_screen.dart
DA:7,2
DA:9,1
DA:10,1
DA:22,1
DA:24,2
DA:25,2
DA:26,2
DA:27,2
DA:28,1
DA:31,0
DA:32,0
DA:34,0
DA:35,0
DA:36,0
DA:37,0
DA:38,0
DA:41,0
DA:44,0
DA:50,0
DA:52,0
DA:53,0
DA:54,0
DA:61,1
DA:63,1
DA:64,1
DA:67,1
DA:68,1
DA:70,1
DA:71,1
DA:72,1
DA:74,1
DA:75,1
DA:77,3
DA:80,1
DA:81,1
DA:86,0
DA:87,0
DA:94,1
DA:95,1
DA:101,0
DA:102,0
DA:105,0
DA:112,1
DA:113,1
DA:114,1
DA:115,1
DA:118,1
DA:119,1
DA:120,1
DA:122,0
DA:123,0
DA:124,0
DA:129,0
DA:130,0
DA:133,0
DA:140,1
DA:141,1
DA:142,1
DA:143,1
DA:146,1
DA:147,1
DA:148,1
DA:152,0
DA:153,0
DA:154,0
DA:159,0
DA:160,0
DA:163,0
DA:170,1
DA:171,1
DA:172,1
DA:173,2
DA:174,1
LF:73
LH:43
end_of_record
SF:lib/screens/rooms/rooms_list_screen.dart
DA:8,2
DA:10,1
DA:11,1
DA:20,1
DA:22,1
DA:23,1
DA:26,1
DA:27,2
DA:28,1
DA:29,1
DA:33,2
DA:34,0
DA:35,0
DA:36,0
DA:37,0
DA:41,0
DA:42,0
DA:43,0
DA:44,0
DA:50,1
DA:52,1
DA:53,1
DA:56,1
DA:58,0
DA:59,0
DA:60,0
DA:62,0
DA:63,0
DA:65,0
DA:66,0
DA:72,0
DA:74,0
DA:75,0
DA:76,0
DA:78,0
DA:79,0
DA:80,0
DA:81,0
DA:83,0
DA:85,0
DA:86,0
DA:87,0
DA:90,0
DA:91,0
DA:93,0
LF:45
LH:15
end_of_record
SF:lib/app_router.dart
DA:38,0
DA:39,0
DA:40,0
DA:41,0
DA:42,0
DA:44,0
DA:45,0
DA:46,0
DA:48,0
DA:49,0
DA:50,0
DA:52,0
DA:53,0
DA:54,0
DA:55,0
DA:57,0
DA:58,0
DA:59,0
DA:60,0
DA:62,0
DA:63,0
DA:64,0
DA:65,0
DA:66,0
DA:68,0
DA:69,0
DA:70,0
DA:71,0
DA:72,0
DA:74,0
DA:75,0
DA:76,0
DA:77,0
DA:79,0
DA:80,0
DA:81,0
DA:82,0
DA:83,0
DA:85,0
DA:86,0
DA:87,0
DA:88,0
DA:90,0
DA:91,0
DA:92,0
DA:93,0
DA:95,0
DA:96,0
DA:97,0
DA:98,0
DA:100,0
DA:101,0
DA:102,0
DA:103,0
DA:105,0
DA:106,0
DA:107,0
DA:108,0
DA:111,0
DA:112,0
DA:113,0
DA:114,0
DA:122,0
DA:126,0
DA:127,0
DA:128,0
DA:129,0
DA:130,0
DA:131,0
DA:135,0
DA:143,1
DA:145,0
DA:146,0
DA:150,0
DA:152,0
DA:153,0
DA:156,0
DA:157,0
DA:158,0
DA:160,0
DA:162,0
DA:163,0
DA:165,0
DA:169,0
LF:84
LH:1
end_of_record
SF:lib/screens/rooms/room_details_screen.dart
DA:8,0
DA:10,0
DA:12,0
DA:13,0
DA:16,0
DA:18,0
DA:20,0
DA:21,0
DA:23,0
DA:24,0
DA:25,0
DA:30,0
DA:31,0
DA:32,0
DA:39,0
DA:40,0
DA:41,0
DA:43,0
LF:18
LH:0
end_of_record
SF:lib/screens/bookings/booking_create_screen.dart
DA:10,0
DA:12,0
DA:13,0
DA:23,0
DA:24,0
DA:26,0
DA:27,0
DA:28,0
DA:32,0
DA:34,0
DA:36,0
DA:42,0
DA:43,0
DA:44,0
DA:45,0
DA:51,0
DA:54,0
DA:55,0
DA:56,0
DA:57,0
DA:60,0
DA:62,0
DA:69,0
DA:71,0
DA:74,0
DA:76,0
DA:77,0
DA:78,0
DA:83,0
DA:84,0
DA:89,0
DA:91,0
DA:92,0
DA:95,0
DA:97,0
DA:98,0
DA:99,0
DA:101,0
DA:102,0
DA:105,0
DA:106,0
DA:107,0
DA:110,0
DA:113,0
DA:116,0
DA:117,0
DA:118,0
DA:121,0
DA:124,0
DA:125,0
DA:126,0
LF:51
LH:0
end_of_record
SF:lib/screens/bookings/bookings_list_screen.dart
DA:5,1
DA:7,0
DA:9,0
DA:10,0
LF:4
LH:1
end_of_record
SF:lib/screens/payments/payment_screen.dart
DA:9,0
DA:11,0
DA:12,0
DA:20,0
DA:21,0
DA:24,0
DA:25,0
DA:27,0
DA:30,0
DA:32,0
DA:39,0
DA:41,0
DA:44,0
DA:46,0
DA:47,0
DA:48,0
DA:53,0
DA:54,0
DA:59,0
DA:61,0
DA:62,0
DA:65,0
DA:67,0
DA:69,0
DA:75,0
DA:78,0
DA:79,0
DA:80,0
DA:83,0
DA:86,0
DA:87,0
DA:88,0
DA:91,0
DA:94,0
DA:95,0
DA:96,0
DA:100,0
DA:101,0
DA:102,0
LF:39
LH:0
end_of_record
SF:lib/screens/loyalty/loyalty_screen.dart
DA:8,1
DA:10,0
DA:11,0
DA:20,0
DA:22,0
DA:23,0
DA:26,0
DA:27,0
DA:28,0
DA:29,0
DA:33,0
DA:34,0
DA:35,0
DA:36,0
DA:37,0
DA:41,0
DA:42,0
DA:43,0
DA:44,0
DA:50,0
DA:52,0
DA:53,0
DA:56,0
DA:58,0
DA:59,0
DA:60,0
DA:62,0
DA:63,0
DA:65,0
DA:66,0
DA:72,0
DA:74,0
DA:75,0
DA:76,0
DA:78,0
DA:80,0
DA:81,0
DA:82,0
DA:84,0
DA:85,0
DA:88,0
DA:89,0
DA:90,0
DA:98,0
DA:100,0
DA:103,0
DA:104,0
DA:106,0
DA:107,0
DA:108,0
DA:109,0
DA:111,0
DA:112,0
DA:113,0
DA:115,0
DA:116,0
DA:117,0
DA:118,0
LF:58
LH:1
end_of_record
SF:lib/screens/referrals/referrals_screen.dart
DA:7,1
DA:9,0
DA:10,0
DA:19,0
DA:21,0
DA:22,0
DA:25,0
DA:26,0
DA:27,0
DA:33,0
DA:36,0
DA:38,0
DA:40,0
DA:46,0
DA:48,0
DA:50,0
DA:51,0
DA:52,0
DA:57,0
DA:58,0
DA:63,0
DA:65,0
DA:66,0
DA:69,0
DA:71,0
DA:73,0
DA:74,0
DA:75,0
DA:77,0
DA:78,0
DA:84,0
DA:86,0
DA:87,0
DA:88,0
DA:90,0
DA:92,0
DA:93,0
DA:94,0
DA:101,0
DA:103,0
DA:104,0
DA:105,0
DA:128,0
DA:129,0
DA:138,0
DA:139,0
DA:140,0
LF:47
LH:1
end_of_record
SF:lib/screens/notifications/notifications_screen.dart
DA:7,1
DA:9,0
DA:10,0
DA:19,0
DA:21,0
DA:22,0
DA:25,0
DA:26,0
DA:27,0
DA:28,0
DA:32,0
DA:33,0
DA:34,0
DA:35,0
DA:36,0
DA:40,0
DA:41,0
DA:42,0
DA:43,0
DA:49,0
DA:51,0
DA:52,0
DA:55,0
DA:57,0
DA:58,0
DA:59,0
DA:61,0
DA:62,0
DA:64,0
DA:65,0
DA:71,0
DA:73,0
DA:74,0
DA:75,0
DA:76,0
DA:77,0
DA:78,0
DA:79,0
DA:84,0
DA:85,0
DA:86,0
DA:89,0
DA:91,0
DA:92,0
LF:44
LH:1
end_of_record
SF:lib/screens/chat/chat_screen.dart
DA:6,1
DA:8,0
DA:9,0
DA:18,0
DA:20,0
DA:21,0
DA:24,0
DA:25,0
DA:27,0
DA:28,0
DA:30,0
DA:31,0
DA:34,0
DA:36,0
DA:40,0
DA:42,0
DA:43,0
DA:44,0
DA:45,0
DA:47,0
DA:52,0
DA:53,0
DA:54,0
DA:55,0
DA:61,0
DA:62,0
DA:67,0
DA:69,0
DA:70,0
DA:73,0
DA:74,0
DA:75,0
DA:76,0
DA:78,0
DA:80,0
DA:81,0
DA:82,0
DA:83,0
DA:84,0
DA:87,0
DA:90,0
DA:91,0
DA:92,0
DA:93,0
DA:94,0
DA:96,0
DA:97,0
DA:98,0
DA:99,0
DA:109,0
DA:111,0
DA:112,0
DA:113,0
DA:114,0
DA:115,0
DA:121,0
DA:122,0
DA:123,0
DA:124,0
DA:125,0
DA:130,0
DA:134,0
DA:135,0
DA:136,0
LF:64
LH:1
end_of_record
SF:lib/screens/profile/profile_screen.dart
DA:8,1
DA:10,0
DA:12,0
DA:13,0
DA:15,0
DA:16,0
DA:21,0
DA:23,0
DA:24,0
DA:30,0
DA:31,0
DA:32,0
DA:35,0
DA:37,0
DA:38,0
DA:41,0
DA:42,0
DA:51,0
DA:52,0
DA:56,0
DA:61,0
DA:62,0
DA:66,0
DA:72,0
DA:73,0
DA:74,0
DA:75,0
DA:76,0
DA:78,0
DA:84,0
LF:30
LH:1
end_of_record
SF:lib/core/api_client.dart
DA:11,1
DA:16,1
DA:17,1
DA:18,1
DA:19,2
DA:20,2
DA:21,1
DA:29,3
DA:32,2
DA:33,1
DA:48,0
LF:11
LH:10
end_of_record
SF:lib/core/env.dart
DA:7,1
DA:8,3
DA:13,1
DA:14,3
DA:15,1
LF:5
LH:5
end_of_record
SF:lib/core/auth_interceptor.dart
DA:6,1
DA:12,4
DA:13,1
DA:17,1
DA:18,0
DA:19,0
DA:22,0
DA:25,1
DA:28,3
DA:29,0
DA:33,1
LF:11
LH:7
end_of_record
SF:lib/core/storage/secure_storage.dart
DA:14,0
DA:15,0
DA:20,1
DA:21,1
DA:26,0
DA:27,0
DA:32,0
DA:33,0
DA:38,0
DA:39,0
DA:44,1
DA:45,1
LF:12
LH:4
end_of_record
SF:lib/state/app_providers.dart
DA:9,0
DA:10,0
LF:2
LH:0
end_of_record
SF:lib/theme/app_theme.dart
DA:14,0
DA:15,0
DA:17,0
DA:33,0
DA:34,0
DA:36,0
DA:37,0
DA:41,0
DA:42,0
DA:43,0
DA:46,0
DA:48,0
DA:50,0
DA:51,0
DA:59,0
DA:60,0
DA:62,0
DA:73,0
DA:74,0
DA:76,0
DA:77,0
DA:81,0
DA:82,0
DA:83,0
DA:87,0
DA:89,0
DA:90,0
LF:27
LH:0
end_of_record
SF:lib/services/bookings_service.dart
DA:11,0
DA:17,0
DA:23,0
DA:24,0
DA:27,0
DA:28,0
DA:29,0
DA:33,0
DA:34,0
DA:35,0
DA:36,0
DA:37,0
DA:40,0
LF:13
LH:0
end_of_record
SF:lib/services/chat_service.dart
DA:11,0
DA:13,0
DA:17,0
DA:18,0
DA:21,0
DA:22,0
DA:23,0
DA:27,0
DA:28,0
DA:29,0
DA:30,0
DA:31,0
DA:34,0
LF:13
LH:0
end_of_record
SF:lib/services/loyalty_service.dart
DA:11,0
DA:13,0
DA:15,0
DA:16,0
DA:19,0
DA:20,0
DA:21,0
DA:25,0
DA:26,0
DA:27,0
DA:28,0
DA:29,0
DA:32,0
LF:13
LH:0
end_of_record
SF:lib/services/notifications_service.dart
DA:11,0
DA:13,0
DA:15,0
DA:16,0
DA:18,0
DA:19,0
DA:22,0
DA:23,0
DA:24,0
DA:28,0
DA:29,0
DA:30,0
DA:31,0
DA:32,0
DA:35,0
LF:15
LH:0
end_of_record
SF:lib/services/payments_service.dart
DA:11,0
DA:17,0
DA:23,0
DA:24,0
DA:27,0
DA:28,0
DA:29,0
DA:33,0
DA:34,0
DA:35,0
DA:36,0
DA:37,0
DA:40,0
LF:13
LH:0
end_of_record
SF:lib/services/referrals_service.dart
DA:11,0
DA:13,0
DA:17,0
DA:18,0
DA:21,0
DA:22,0
DA:23,0
DA:27,0
DA:28,0
DA:29,0
DA:30,0
DA:31,0
DA:34,0
LF:13
LH:0
end_of_record
SF:lib/services/rooms_service.dart
DA:11,1
DA:13,2
DA:15,0
DA:16,0
DA:17,0
DA:20,0
DA:21,0
DA:22,0
DA:26,0
DA:27,0
DA:28,0
DA:29,0
DA:30,0
DA:33,0
LF:14
LH:2
end_of_record
